<?xml version="1.0" encoding="UTF-8"?>
<testsuite xmlns:xsi="http://www.w3.org/2001/XMLSchema-instance" xsi:noNamespaceSchemaLocation="https://maven.apache.org/surefire/maven-surefire-plugin/xsd/surefire-test-report-3.0.xsd" version="3.0" name="com.example.refactoring.MissingChildStubGenerationTest" time="0.573" tests="5" errors="0" skipped="0" failures="0">
  <properties>
[...]
</properties>
  <testcase name="testAncestorConcretePreventsDuplicateChildStub" classname="com.example.refactoring.MissingChildStubGenerationTest" time="0.192">
    <system-err><![CDATA[[main] WARN com.example.refactoring.core.PullUpMethodRefactoring - PullUpMethodRefactoring 已被弃用，建议使用 RefactoringOrchestrator
[main] INFO com.example.refactoring.core.RefactoringOrchestrator - 开始Pull-Up-Method重构: 类=ChildX, 方法=work 到直接父类
[main] INFO com.example.refactoring.core.RefactoringOrchestrator - 找到目标祖先类: test.BaseD
[main] INFO com.example.refactoring.core.ClassFinder - 收集到 3 个后代类
[main] INFO com.example.refactoring.handler.MethodPullUpHandler - 发现 1 个依赖方法需要上提为抽象方法
[main] INFO com.example.refactoring.handler.MethodPullUpHandler - 父类 BaseD 已设置为抽象类
[main] INFO com.example.refactoring.handler.MethodPullUpHandler - 成功上提抽象方法: helper
[main] INFO com.example.refactoring.core.RefactoringOrchestrator - 自动上提了 1 个依赖方法为抽象方法
[main] INFO com.example.refactoring.core.RefactoringOrchestrator -   - 上提抽象方法: helper
[main] INFO com.example.refactoring.core.ClassFinder - 收集到 3 个后代类
[main] INFO com.example.refactoring.core.CodeGenerator - 检测到后代类 ParentY 有方法修改，将包含在输出中
[main] INFO com.example.refactoring.core.SnapshotManager - 已保存重构快照到: C:\Users\wudi\AppData\Local\Temp\junit13843379176153922998\.refactor-snapshot (3 个文件)
[main] INFO com.example.refactoring.core.ClassFinder - 收集到 3 个后代类
[main] INFO com.example.refactoring.core.CodeGenerator - 检测到后代类 ParentY 有方法修改，将包含在输出中
[main] INFO com.example.refactoring.core.CodeGenerator - 已修改文件: C:\Users\wudi\AppData\Local\Temp\junit13843379176153922998\ChildX.java (ChildX)
[main] INFO com.example.refactoring.core.CodeGenerator - 已修改文件: C:\Users\wudi\AppData\Local\Temp\junit13843379176153922998\BaseD.java (BaseD)
[main] INFO com.example.refactoring.core.CodeGenerator - 已修改文件: C:\Users\wudi\AppData\Local\Temp\junit13843379176153922998\ParentY.java (ParentY)
[main] INFO com.example.refactoring.core.CodeGenerator - 重构完成：修改了 3 个相关类文件
[main] INFO com.example.refactoring.core.ModuleResolver - 模块解析完成，索引包前缀数量: 0
[main] INFO com.example.refactoring.core.ClassFinder - 收集到 3 个后代类
[main] INFO com.example.refactoring.core.CodeGenerator - 检测到后代类 ParentY 有方法修改，将包含在输出中
[main] INFO com.example.refactoring.core.CodeGenerator - 已修改文件: C:\Users\wudi\AppData\Local\Temp\junit13843379176153922998\ChildX.java (ChildX)
[main] INFO com.example.refactoring.core.CodeGenerator - 已修改文件: C:\Users\wudi\AppData\Local\Temp\junit13843379176153922998\BaseD.java (BaseD)
[main] INFO com.example.refactoring.core.CodeGenerator - 已修改文件: C:\Users\wudi\AppData\Local\Temp\junit13843379176153922998\ParentY.java (ParentY)
[main] INFO com.example.refactoring.core.CodeGenerator - 重构完成：修改了 3 个相关类文件
[main] INFO com.example.refactoring.core.RefactoringOrchestrator - Pull-Up-Method重构完成，修改了 3 个文件
]]></system-err>
  </testcase>
  <testcase name="testGenerateStubForGrandChild" classname="com.example.refactoring.MissingChildStubGenerationTest" time="0.111">
    <system-err><![CDATA[[main] WARN com.example.refactoring.core.PullUpMethodRefactoring - PullUpMethodRefactoring 已被弃用，建议使用 RefactoringOrchestrator
[main] INFO com.example.refactoring.core.RefactoringOrchestrator - 开始Pull-Up-Method重构: 类=Leaf1C, 方法=work 到直接父类
[main] INFO com.example.refactoring.core.RefactoringOrchestrator - 找到目标祖先类: test.MidC
[main] INFO com.example.refactoring.core.ClassFinder - 收集到 2 个后代类
[main] INFO com.example.refactoring.handler.MethodPullUpHandler - 发现 1 个依赖方法需要上提为抽象方法
[main] INFO com.example.refactoring.handler.MethodPullUpHandler - 父类 MidC 已设置为抽象类
[main] INFO com.example.refactoring.handler.MethodPullUpHandler - 成功上提抽象方法: helper
[main] INFO com.example.refactoring.handler.MethodPullUpHandler - 为子类 Leaf2C 生成方法 helper 的基础实现
[main] INFO com.example.refactoring.core.RefactoringOrchestrator - 自动上提了 1 个依赖方法为抽象方法
[main] INFO com.example.refactoring.core.RefactoringOrchestrator -   - 上提抽象方法: helper
[main] INFO com.example.refactoring.core.ClassFinder - 收集到 2 个后代类
[main] INFO com.example.refactoring.core.CodeGenerator - 检测到后代类 Leaf2C 有方法修改，将包含在输出中
[main] INFO com.example.refactoring.core.SnapshotManager - 已保存重构快照到: C:\Users\wudi\AppData\Local\Temp\junit5324710361778106128\.refactor-snapshot (3 个文件)
[main] INFO com.example.refactoring.core.ClassFinder - 收集到 2 个后代类
[main] INFO com.example.refactoring.core.CodeGenerator - 检测到后代类 Leaf2C 有方法修改，将包含在输出中
[main] INFO com.example.refactoring.core.CodeGenerator - 已修改文件: C:\Users\wudi\AppData\Local\Temp\junit5324710361778106128\MidC.java (MidC)
[main] INFO com.example.refactoring.core.CodeGenerator - 已修改文件: C:\Users\wudi\AppData\Local\Temp\junit5324710361778106128\Leaf1C.java (Leaf1C)
[main] INFO com.example.refactoring.core.CodeGenerator - 已修改文件: C:\Users\wudi\AppData\Local\Temp\junit5324710361778106128\Leaf2C.java (Leaf2C)
[main] INFO com.example.refactoring.core.CodeGenerator - 重构完成：修改了 3 个相关类文件
[main] INFO com.example.refactoring.core.ModuleResolver - 模块解析完成，索引包前缀数量: 0
[main] INFO com.example.refactoring.core.ClassFinder - 收集到 2 个后代类
[main] INFO com.example.refactoring.core.CodeGenerator - 检测到后代类 Leaf2C 有方法修改，将包含在输出中
[main] INFO com.example.refactoring.core.CodeGenerator - 已修改文件: C:\Users\wudi\AppData\Local\Temp\junit5324710361778106128\MidC.java (MidC)
[main] INFO com.example.refactoring.core.CodeGenerator - 已修改文件: C:\Users\wudi\AppData\Local\Temp\junit5324710361778106128\Leaf1C.java (Leaf1C)
[main] INFO com.example.refactoring.core.CodeGenerator - 已修改文件: C:\Users\wudi\AppData\Local\Temp\junit5324710361778106128\Leaf2C.java (Leaf2C)
[main] INFO com.example.refactoring.core.CodeGenerator - 重构完成：修改了 3 个相关类文件
[main] INFO com.example.refactoring.core.RefactoringOrchestrator - Pull-Up-Method重构完成，修改了 3 个文件
]]></system-err>
  </testcase>
  <testcase name="testIntermediateAncestorMethodPulledUpWhenTargetIsHigherAncestor" classname="com.example.refactoring.MissingChildStubGenerationTest" time="0.104">
    <system-err><![CDATA[[main] WARN com.example.refactoring.core.PullUpMethodRefactoring - PullUpMethodRefactoring 已被弃用，建议使用 RefactoringOrchestrator
[main] WARN com.example.refactoring.core.PullUpMethodRefactoring - PullUpMethodRefactoring 已被弃用，建议使用 RefactoringOrchestrator
[main] INFO com.example.refactoring.core.RefactoringOrchestrator - 开始Pull-Up-Method重构: 类=LeafE, 方法=work 到祖先类=BaseE
[main] INFO com.example.refactoring.core.RefactoringOrchestrator - 找到目标祖先类: test.BaseE
[main] INFO com.example.refactoring.core.ClassFinder - 收集到 2 个后代类
[main] INFO com.example.refactoring.handler.MethodPullUpHandler - 发现 1 个依赖方法需要上提为抽象方法
[main] INFO com.example.refactoring.handler.MethodPullUpHandler - 父类 BaseE 已设置为抽象类
[main] INFO com.example.refactoring.handler.MethodPullUpHandler - 成功上提抽象方法: helper
[main] INFO com.example.refactoring.core.RefactoringOrchestrator - 自动上提了 1 个依赖方法为抽象方法
[main] INFO com.example.refactoring.core.RefactoringOrchestrator -   - 上提抽象方法: helper
[main] INFO com.example.refactoring.core.ClassFinder - 收集到 2 个后代类
[main] INFO com.example.refactoring.core.CodeGenerator - 检测到后代类 MidE 有方法修改，将包含在输出中
[main] INFO com.example.refactoring.core.SnapshotManager - 已保存重构快照到: C:\Users\wudi\AppData\Local\Temp\junit5306883126525455060\.refactor-snapshot (3 个文件)
[main] INFO com.example.refactoring.core.ClassFinder - 收集到 2 个后代类
[main] INFO com.example.refactoring.core.CodeGenerator - 检测到后代类 MidE 有方法修改，将包含在输出中
[main] INFO com.example.refactoring.core.CodeGenerator - 已修改文件: C:\Users\wudi\AppData\Local\Temp\junit5306883126525455060\LeafE.java (LeafE)
[main] INFO com.example.refactoring.core.CodeGenerator - 已修改文件: C:\Users\wudi\AppData\Local\Temp\junit5306883126525455060\BaseE.java (BaseE)
[main] INFO com.example.refactoring.core.CodeGenerator - 已修改文件: C:\Users\wudi\AppData\Local\Temp\junit5306883126525455060\MidE.java (MidE)
[main] INFO com.example.refactoring.core.CodeGenerator - 重构完成：修改了 3 个相关类文件
[main] INFO com.example.refactoring.core.ModuleResolver - 模块解析完成，索引包前缀数量: 0
[main] INFO com.example.refactoring.core.ClassFinder - 收集到 2 个后代类
[main] INFO com.example.refactoring.core.CodeGenerator - 检测到后代类 MidE 有方法修改，将包含在输出中
[main] INFO com.example.refactoring.core.CodeGenerator - 已修改文件: C:\Users\wudi\AppData\Local\Temp\junit5306883126525455060\LeafE.java (LeafE)
[main] INFO com.example.refactoring.core.CodeGenerator - 已修改文件: C:\Users\wudi\AppData\Local\Temp\junit5306883126525455060\BaseE.java (BaseE)
[main] INFO com.example.refactoring.core.CodeGenerator - 已修改文件: C:\Users\wudi\AppData\Local\Temp\junit5306883126525455060\MidE.java (MidE)
[main] INFO com.example.refactoring.core.CodeGenerator - 重构完成：修改了 3 个相关类文件
[main] INFO com.example.refactoring.core.RefactoringOrchestrator - Pull-Up-Method重构完成，修改了 3 个文件
]]></system-err>
  </testcase>
  <testcase name="testGenerateStubForMissingChild_voidReturn" classname="com.example.refactoring.MissingChildStubGenerationTest" time="0.069">
    <system-err><![CDATA[[main] WARN com.example.refactoring.core.PullUpMethodRefactoring - PullUpMethodRefactoring 已被弃用，建议使用 RefactoringOrchestrator
[main] INFO com.example.refactoring.core.RefactoringOrchestrator - 开始Pull-Up-Method重构: 类=ChildC, 方法=run 到直接父类
[main] INFO com.example.refactoring.core.RefactoringOrchestrator - 找到目标祖先类: test.BaseB
[main] INFO com.example.refactoring.core.ClassFinder - 收集到 2 个后代类
[main] INFO com.example.refactoring.handler.MethodPullUpHandler - 发现 1 个依赖方法需要上提为抽象方法
[main] INFO com.example.refactoring.handler.MethodPullUpHandler - 父类 BaseB 已设置为抽象类
[main] INFO com.example.refactoring.handler.MethodPullUpHandler - 成功上提抽象方法: helper
[main] INFO com.example.refactoring.handler.MethodPullUpHandler - 为子类 ChildD 生成方法 helper 的基础实现
[main] INFO com.example.refactoring.core.RefactoringOrchestrator - 自动上提了 1 个依赖方法为抽象方法
[main] INFO com.example.refactoring.core.RefactoringOrchestrator -   - 上提抽象方法: helper
[main] INFO com.example.refactoring.core.ClassFinder - 收集到 2 个后代类
[main] INFO com.example.refactoring.core.CodeGenerator - 检测到后代类 ChildD 有方法修改，将包含在输出中
[main] INFO com.example.refactoring.core.SnapshotManager - 已保存重构快照到: C:\Users\wudi\AppData\Local\Temp\junit15832562153196455332\.refactor-snapshot (3 个文件)
[main] INFO com.example.refactoring.core.ClassFinder - 收集到 2 个后代类
[main] INFO com.example.refactoring.core.CodeGenerator - 检测到后代类 ChildD 有方法修改，将包含在输出中
[main] INFO com.example.refactoring.core.CodeGenerator - 已修改文件: C:\Users\wudi\AppData\Local\Temp\junit15832562153196455332\ChildD.java (ChildD)
[main] INFO com.example.refactoring.core.CodeGenerator - 已修改文件: C:\Users\wudi\AppData\Local\Temp\junit15832562153196455332\ChildC.java (ChildC)
[main] INFO com.example.refactoring.core.CodeGenerator - 已修改文件: C:\Users\wudi\AppData\Local\Temp\junit15832562153196455332\BaseB.java (BaseB)
[main] INFO com.example.refactoring.core.CodeGenerator - 重构完成：修改了 3 个相关类文件
[main] INFO com.example.refactoring.core.ModuleResolver - 模块解析完成，索引包前缀数量: 0
[main] INFO com.example.refactoring.core.ClassFinder - 收集到 2 个后代类
[main] INFO com.example.refactoring.core.CodeGenerator - 检测到后代类 ChildD 有方法修改，将包含在输出中
[main] INFO com.example.refactoring.core.CodeGenerator - 已修改文件: C:\Users\wudi\AppData\Local\Temp\junit15832562153196455332\ChildD.java (ChildD)
[main] INFO com.example.refactoring.core.CodeGenerator - 已修改文件: C:\Users\wudi\AppData\Local\Temp\junit15832562153196455332\ChildC.java (ChildC)
[main] INFO com.example.refactoring.core.CodeGenerator - 已修改文件: C:\Users\wudi\AppData\Local\Temp\junit15832562153196455332\BaseB.java (BaseB)
[main] INFO com.example.refactoring.core.CodeGenerator - 重构完成：修改了 3 个相关类文件
[main] INFO com.example.refactoring.core.RefactoringOrchestrator - Pull-Up-Method重构完成，修改了 3 个文件
]]></system-err>
  </testcase>
  <testcase name="testGenerateStubForMissingChild_nonVoidReturn" classname="com.example.refactoring.MissingChildStubGenerationTest" time="0.088">
    <system-err><![CDATA[[main] WARN com.example.refactoring.core.PullUpMethodRefactoring - PullUpMethodRefactoring 已被弃用，建议使用 RefactoringOrchestrator
[main] INFO com.example.refactoring.core.RefactoringOrchestrator - 开始Pull-Up-Method重构: 类=ChildA, 方法=doWork 到直接父类
[main] INFO com.example.refactoring.core.RefactoringOrchestrator - 找到目标祖先类: test.BaseA
[main] INFO com.example.refactoring.core.ClassFinder - 收集到 2 个后代类
[main] INFO com.example.refactoring.handler.MethodPullUpHandler - 发现 1 个依赖方法需要上提为抽象方法
[main] INFO com.example.refactoring.handler.MethodPullUpHandler - 父类 BaseA 已设置为抽象类
[main] INFO com.example.refactoring.handler.MethodPullUpHandler - 成功上提抽象方法: helper
[main] INFO com.example.refactoring.handler.MethodPullUpHandler - 为子类 ChildB 生成方法 helper 的基础实现
[main] INFO com.example.refactoring.core.RefactoringOrchestrator - 自动上提了 1 个依赖方法为抽象方法
[main] INFO com.example.refactoring.core.RefactoringOrchestrator -   - 上提抽象方法: helper
[main] INFO com.example.refactoring.core.ClassFinder - 收集到 2 个后代类
[main] INFO com.example.refactoring.core.CodeGenerator - 检测到后代类 ChildB 有方法修改，将包含在输出中
[main] INFO com.example.refactoring.core.SnapshotManager - 已保存重构快照到: C:\Users\wudi\AppData\Local\Temp\junit4317126545765090836\.refactor-snapshot (3 个文件)
[main] INFO com.example.refactoring.core.ClassFinder - 收集到 2 个后代类
[main] INFO com.example.refactoring.core.CodeGenerator - 检测到后代类 ChildB 有方法修改，将包含在输出中
[main] INFO com.example.refactoring.core.CodeGenerator - 已修改文件: C:\Users\wudi\AppData\Local\Temp\junit4317126545765090836\ChildB.java (ChildB)
[main] INFO com.example.refactoring.core.CodeGenerator - 已修改文件: C:\Users\wudi\AppData\Local\Temp\junit4317126545765090836\ChildA.java (ChildA)
[main] INFO com.example.refactoring.core.CodeGenerator - 已修改文件: C:\Users\wudi\AppData\Local\Temp\junit4317126545765090836\BaseA.java (BaseA)
[main] INFO com.example.refactoring.core.CodeGenerator - 重构完成：修改了 3 个相关类文件
[main] INFO com.example.refactoring.core.ModuleResolver - 模块解析完成，索引包前缀数量: 0
[main] INFO com.example.refactoring.core.ClassFinder - 收集到 2 个后代类
[main] INFO com.example.refactoring.core.CodeGenerator - 检测到后代类 ChildB 有方法修改，将包含在输出中
[main] INFO com.example.refactoring.core.CodeGenerator - 已修改文件: C:\Users\wudi\AppData\Local\Temp\junit4317126545765090836\ChildB.java (ChildB)
[main] INFO com.example.refactoring.core.CodeGenerator - 已修改文件: C:\Users\wudi\AppData\Local\Temp\junit4317126545765090836\ChildA.java (ChildA)
[main] INFO com.example.refactoring.core.CodeGenerator - 已修改文件: C:\Users\wudi\AppData\Local\Temp\junit4317126545765090836\BaseA.java (BaseA)
[main] INFO com.example.refactoring.core.CodeGenerator - 重构完成：修改了 3 个相关类文件
[main] INFO com.example.refactoring.core.RefactoringOrchestrator - Pull-Up-Method重构完成，修改了 3 个文件
]]></system-err>
  </testcase>
</testsuite>