<?xml version="1.0" encoding="UTF-8"?>
<testsuite xmlns:xsi="http://www.w3.org/2001/XMLSchema-instance" xsi:noNamespaceSchemaLocation="https://maven.apache.org/surefire/maven-surefire-plugin/xsd/surefire-test-report-3.0.xsd" version="3.0" name="com.example.refactoring.BestPracticeSuperCallTest" time="0.311" tests="1" errors="0" skipped="0" failures="0">
  <properties>
[...]
</properties>
  <testcase name="testBestPracticeSuperCallHandling" classname="com.example.refactoring.BestPracticeSuperCallTest" time="0.309">
    <system-out><![CDATA[
=== 父类文件内容 ===
package test;
import java.awt.geom.Ellipse2D;

import java.awt.geom.AffineTransform;
import java.awt.geom.Point2D;
import java.util.Map;
import java.util.HashMap;

public abstract class AttributedFigure extends BaseFigure {protected Ellipse2D.Double ellipse = new Ellipse2D.Double();

    protected Map<String, Object> attributes = new HashMap<>();

    public void setAttribute(String key, Object value) {
        attributes.put(key, value);
    }

    public void transform(AffineTransform tx) {
        // 这个方法依赖子类的invalidate方法
        ellipse.x += tx.getTranslateX();
        ellipse.y += tx.getTranslateY();
        invalidate();
    }

    public Object getAttribute(String key) {
        return attributes.get(key);
    }

    // 这个方法应该保持抽象
    public abstract void setBounds(Point2D.Double anchor, Point2D.Double lead);

    protected void invalidate() {
        { super.invalidate(); };
    }
}


=== 子类文件内容 ===
package test;

import java.awt.geom.AffineTransform;
import java.awt.geom.Point2D;
import java.awt.geom.Ellipse2D;

public class EllipseFigure extends AttributedFigure {
    private transient java.awt.Shape cachedTransformedShape;

    @Override
    protected void invalidate() {
        // 这里调用了父类的invalidate方法
        super.invalidate();
        cachedTransformedShape = null;
        System.out.println("EllipseFigure invalidated");
    }

    public void setFrame(double x, double y, double w, double h) {
        ellipse.setFrame(x, y, w, h);
        invalidate();
    }

    @Override
    public void setBounds(Point2D.Double anchor, Point2D.Double lead) {
        ellipse.setFrame(anchor.x, anchor.y, 
                        lead.x - anchor.x, lead.y - anchor.y);
        invalidate();
    }
}

重构结果: 成功将方法 transform 从 EllipseFigure 上提到 AttributedFigure
修改文件: C:\Users\wudi\AppData\Local\Temp\junit11702184670488339509\EllipseFigure.java
修改文件: C:\Users\wudi\AppData\Local\Temp\junit11702184670488339509\AttributedFigure.java
]]></system-out>
    <system-err><![CDATA[[main] WARN com.example.refactoring.core.PullUpMethodRefactoring - PullUpMethodRefactoring 已被弃用，建议使用 RefactoringOrchestrator
[main] INFO com.example.refactoring.core.RefactoringOrchestrator - 开始Pull-Up-Method重构: 类=EllipseFigure, 方法=transform 到直接父类
[main] INFO com.example.refactoring.core.RefactoringOrchestrator - 找到目标祖先类: test.AttributedFigure
[main] INFO com.example.refactoring.handler.FieldPullUpHandler - 发现 1 个依赖字段需要上提
[main] INFO com.example.refactoring.handler.FieldPullUpHandler - 开始上提字段: ellipse (类型: java.awt.geom.Ellipse2D.Double)
[main] INFO com.example.refactoring.handler.FieldPullUpHandler - 字段 ellipse 可见性已从 private 调整为 protected
[main] INFO com.example.refactoring.handler.FieldPullUpHandler - 成功上提字段: ellipse 到父类 AttributedFigure
[main] INFO com.example.refactoring.core.ClassFinder - 收集到 1 个后代类
[main] INFO com.example.refactoring.core.ClassFinder - 收集到 1 个直接子类
[main] INFO com.example.refactoring.handler.MethodPullUpHandler - 发现 1 个依赖方法需要上提为抽象方法
[main] INFO com.example.refactoring.handler.MethodPullUpHandler - 方法 invalidate 可见性已从 private 调整为 protected
[main] INFO com.example.refactoring.handler.MethodPullUpHandler - 父类 AttributedFigure 已设置为抽象类
[main] INFO com.example.refactoring.handler.MethodPullUpHandler - 成功上提抽象方法: invalidate
[main] INFO com.example.refactoring.handler.SuperCallHandler - 发现 1 个需要处理的super调用
[main] INFO com.example.refactoring.handler.SuperCallHandler - 在父类 AttributedFigure 中为方法 invalidate 创建默认实现
[main] INFO com.example.refactoring.handler.SuperCallHandler - 成功创建方法体，包含super调用
[main] INFO com.example.refactoring.handler.SuperCallHandler - 成功在父类中创建默认实现: invalidate
[main] INFO com.example.refactoring.handler.SuperCallHandler - 成功处理super调用: invalidate
[main] INFO com.example.refactoring.handler.MethodPullUpHandler - 在方法 invalidate 中处理了 1 个super调用冲突
[main] INFO com.example.refactoring.handler.MethodPullUpHandler -   - 处理super调用: invalidate
[main] INFO com.example.refactoring.core.RefactoringOrchestrator - 自动上提了 1 个依赖字段
[main] INFO com.example.refactoring.core.RefactoringOrchestrator -   - 上提字段: ellipse
[main] INFO com.example.refactoring.core.RefactoringOrchestrator - 自动上提了 1 个依赖方法为抽象方法
[main] INFO com.example.refactoring.core.RefactoringOrchestrator -   - 上提抽象方法: invalidate
[main] INFO com.example.refactoring.core.ClassFinder - 收集到 1 个后代类
[main] INFO com.example.refactoring.core.CodeGenerator - 已修改文件: C:\Users\wudi\AppData\Local\Temp\junit11702184670488339509\EllipseFigure.java (EllipseFigure)
[main] INFO com.example.refactoring.core.CodeGenerator - 已修改文件: C:\Users\wudi\AppData\Local\Temp\junit11702184670488339509\AttributedFigure.java (AttributedFigure)
[main] INFO com.example.refactoring.core.CodeGenerator - 重构完成：修改了 2 个相关类文件
[main] INFO com.example.refactoring.core.RefactoringOrchestrator - Pull-Up-Method重构完成，修改了 2 个文件
]]></system-err>
  </testcase>
</testsuite>