<?xml version="1.0" encoding="UTF-8"?>
<testsuite xmlns:xsi="http://www.w3.org/2001/XMLSchema-instance" xsi:noNamespaceSchemaLocation="https://maven.apache.org/surefire/maven-surefire-plugin/xsd/surefire-test-report-3.0.xsd" version="3.0" name="com.example.refactoring.FieldPullUpTest" time="0.21" tests="1" errors="0" skipped="0" failures="0">
  <properties>
[...]
</properties>
  <testcase name="testPullUpMethodWithDependentField" classname="com.example.refactoring.FieldPullUpTest" time="0.208">
    <system-out><![CDATA[
=== 父类文件内容 ===
package test;
import java.util.ArrayList;
import java.io.PrintStream;

import java.util.List;

public class TestParent {

    public void baseMethod() {
        System.out.println("Base method");
    }

    protected List<String> dataList = new ArrayList<>();

    protected String configValue = "default";

    public void processData() {
        // 这个方法依赖子类的字段
        dataList.add("processed");
        System.out.println("Config: " + configValue);
        for (String data : dataList) {
            System.out.println("Processing: " + data);
        }
    }
}

重构结果: 成功将方法 processData 从 TestChild 上提到 TestParent
修改文件: C:\Users\wudi\AppData\Local\Temp\junit12616025192856293896\TestChild.java
修改文件: C:\Users\wudi\AppData\Local\Temp\junit12616025192856293896\TestParent.java
]]></system-out>
    <system-err><![CDATA[[main] WARN com.example.refactoring.core.PullUpMethodRefactoring - PullUpMethodRefactoring 已被弃用，建议使用 RefactoringOrchestrator
[main] INFO com.example.refactoring.core.RefactoringOrchestrator - 开始Pull-Up-Method重构: 类=TestChild, 方法=processData 到直接父类
[main] INFO com.example.refactoring.core.RefactoringOrchestrator - 找到目标祖先类: test.TestParent
[main] INFO com.example.refactoring.handler.FieldPullUpHandler - 发现 2 个依赖字段需要上提
[main] INFO com.example.refactoring.handler.FieldPullUpHandler - 依赖字段列表: configValue, dataList
[main] INFO com.example.refactoring.handler.FieldPullUpHandler - 字段 configValue 为 private，将在上提时调整为 protected
[main] INFO com.example.refactoring.handler.FieldPullUpHandler - 字段 dataList 为 private，将在上提时调整为 protected
[main] INFO com.example.refactoring.handler.FieldPullUpHandler - 开始上提字段: configValue (类型: java.lang.String)
[main] INFO com.example.refactoring.handler.FieldPullUpHandler - 字段 configValue 可见性已从 private 调整为 protected
[main] INFO com.example.refactoring.handler.FieldPullUpHandler - 成功上提字段: configValue 到目标祖先类 TestParent
[main] INFO com.example.refactoring.handler.FieldPullUpHandler - 开始上提字段: dataList (类型: java.util.List<java.lang.String>)
[main] INFO com.example.refactoring.handler.FieldPullUpHandler - 字段 dataList 可见性已从 private 调整为 protected
[main] INFO com.example.refactoring.handler.FieldPullUpHandler - 成功上提字段: dataList 到目标祖先类 TestParent
[main] INFO com.example.refactoring.core.ClassFinder - 收集到 1 个后代类
[main] INFO com.example.refactoring.core.RefactoringOrchestrator - 自动上提了 2 个依赖字段
[main] INFO com.example.refactoring.core.RefactoringOrchestrator -   - 上提字段: configValue
[main] INFO com.example.refactoring.core.RefactoringOrchestrator -   - 上提字段: dataList
[main] INFO com.example.refactoring.core.ClassFinder - 收集到 1 个后代类
[main] INFO com.example.refactoring.core.SnapshotManager - 已保存重构快照到: C:\Users\wudi\AppData\Local\Temp\junit12616025192856293896\.refactor-snapshot (2 个文件)
[main] INFO com.example.refactoring.core.ClassFinder - 收集到 1 个后代类
[main] INFO com.example.refactoring.core.CodeGenerator - 已修改文件: C:\Users\wudi\AppData\Local\Temp\junit12616025192856293896\TestChild.java (TestChild)
[main] INFO com.example.refactoring.core.CodeGenerator - 已修改文件: C:\Users\wudi\AppData\Local\Temp\junit12616025192856293896\TestParent.java (TestParent)
[main] INFO com.example.refactoring.core.CodeGenerator - 重构完成：修改了 2 个相关类文件
[main] INFO com.example.refactoring.core.ModuleResolver - 模块解析完成，索引包前缀数量: 0
[main] INFO com.example.refactoring.core.ClassFinder - 收集到 1 个后代类
[main] INFO com.example.refactoring.core.CodeGenerator - 已修改文件: C:\Users\wudi\AppData\Local\Temp\junit12616025192856293896\TestChild.java (TestChild)
[main] INFO com.example.refactoring.core.CodeGenerator - 已修改文件: C:\Users\wudi\AppData\Local\Temp\junit12616025192856293896\TestParent.java (TestParent)
[main] INFO com.example.refactoring.core.CodeGenerator - 重构完成：修改了 2 个相关类文件
[main] INFO com.example.refactoring.core.RefactoringOrchestrator - Pull-Up-Method重构完成，修改了 2 个文件
]]></system-err>
  </testcase>
</testsuite>