<?xml version="1.0" encoding="UTF-8"?>
<testsuite xmlns:xsi="http://www.w3.org/2001/XMLSchema-instance" xsi:noNamespaceSchemaLocation="https://maven.apache.org/surefire/maven-surefire-plugin/xsd/surefire-test-report-3.0.xsd" version="3.0" name="com.example.refactoring.VisibilityConsistencyTest" time="0.148" tests="1" errors="0" skipped="0" failures="0">
  <properties>
[...]
</properties>
  <testcase name="testVisibilityConsistencyAfterPullUp" classname="com.example.refactoring.VisibilityConsistencyTest" time="0.148">
    <system-out><![CDATA[
=== 父类文件内容 ===
package test;
import java.awt.Graphics2D;
import java.awt.geom.AffineTransform;

import java.awt.Shape;

public abstract class BaseShape {

    protected double x = 0;
    protected double y = 0;

    public void move(double dx, double dy) {
        this.x += dx;
        this.y += dy;
    }

    public void setLocation(double x, double y) {
        this.x = x;
        this.y = y;
    }

    protected AffineTransform transform;

    public void render(java.awt.Graphics2D g2d) {
        Shape shape = getTransformedShape();
        g2d.draw(shape);
        if (transform != null) {
            g2d.fill(shape);
        }
    }

    public abstract Shape getTransformedShape();
}


=== EllipseShape文件内容 ===
package test;

import java.awt.Shape;
import java.awt.geom.Ellipse2D;
import java.awt.geom.AffineTransform;

public class EllipseShape extends BaseShape {

    private Ellipse2D.Double ellipse = new Ellipse2D.Double();
    private transient Shape cachedTransformedShape;

    @Override
    public Shape getTransformedShape() {
        if (cachedTransformedShape == null) {
            if (transform == null) {
                cachedTransformedShape = ellipse;
            } else {
                cachedTransformedShape = transform.createTransformedShape(ellipse);
            }
        }
        return cachedTransformedShape;
    }

    public void setTransform(AffineTransform transform) {
        this.transform = transform;
        cachedTransformedShape = null;
    }

    public void setFrame(double x, double y, double w, double h) {
        ellipse.setFrame(x, y, w, h);
        cachedTransformedShape = null;
    }
}

EllipseShape中的@Override注解格式: @Override

=== RectShape文件内容 ===
package test;

import java.awt.Shape;
import java.awt.geom.Rectangle2D;
import java.awt.geom.AffineTransform;

public class RectShape extends BaseShape {

    private Rectangle2D.Double rect = new Rectangle2D.Double();
    private transient Shape cachedTransformedShape;
    private AffineTransform transform;

    @Override
    public void render(java.awt.Graphics2D g2d) {
        Shape shape = getTransformedShape();
        g2d.draw(shape);
        if (transform != null) {
            g2d.fill(shape);
        }
    }

    public Shape getTransformedShape() {
        if (cachedTransformedShape == null) {
            if (transform == null) {
                cachedTransformedShape = rect;
            } else {
                cachedTransformedShape = transform.createTransformedShape(rect);
            }
        }
        return cachedTransformedShape;
    }

    public void setTransform(AffineTransform transform) {
        this.transform = transform;
        cachedTransformedShape = null;
    }

    public void setSize(double width, double height) {
        rect.setFrame(x, y, width, height);
        cachedTransformedShape = null;
    }
}

RectShape是否有@Override注解: true
检查方法行: public void render(java.awt.Graphics2D g2d) { Shape shape = getTransformedShape();
检查方法行: @Override public Shape getTransformedShape() {
检查方法行: public void render(java.awt.Graphics2D g2d) { Shape shape = getTransformedShape();
父类可见性: public
EllipseShape可见性: public
RectShape可见性: public
重构结果: 成功将方法 render 从 EllipseShape 上提到 BaseShape
修改文件: C:\Users\wudi\AppData\Local\Temp\junit7476101790152252336\RectShape.java
修改文件: C:\Users\wudi\AppData\Local\Temp\junit7476101790152252336\EllipseShape.java
修改文件: C:\Users\wudi\AppData\Local\Temp\junit7476101790152252336\BaseShape.java
]]></system-out>
    <system-err><![CDATA[[main] WARN com.example.refactoring.core.PullUpMethodRefactoring - PullUpMethodRefactoring 已被弃用，建议使用 RefactoringOrchestrator
[main] INFO com.example.refactoring.core.RefactoringOrchestrator - 开始Pull-Up-Method重构: 类=EllipseShape, 方法=render 到直接父类
[main] INFO com.example.refactoring.core.RefactoringOrchestrator - 找到目标祖先类: test.BaseShape
[main] INFO com.example.refactoring.handler.FieldPullUpHandler - 发现 1 个依赖字段需要上提
[main] INFO com.example.refactoring.handler.FieldPullUpHandler - 依赖字段列表: transform
[main] INFO com.example.refactoring.handler.FieldPullUpHandler - 字段 transform 为 private，将在上提时调整为 protected
[main] INFO com.example.refactoring.handler.FieldPullUpHandler - 开始上提字段: transform (类型: java.awt.geom.AffineTransform)
[main] INFO com.example.refactoring.handler.FieldPullUpHandler - 字段 transform 可见性已从 private 调整为 protected
[main] INFO com.example.refactoring.handler.FieldPullUpHandler - 成功上提字段: transform 到目标祖先类 BaseShape
[main] INFO com.example.refactoring.core.ClassFinder - 收集到 2 个后代类
[main] INFO com.example.refactoring.handler.MethodPullUpHandler - 发现 1 个依赖方法需要上提为抽象方法
[main] INFO com.example.refactoring.handler.MethodPullUpHandler - 方法 getTransformedShape 可见性已从 private 调整为 protected
[main] INFO com.example.refactoring.handler.MethodPullUpHandler - 父类 BaseShape 已设置为抽象类
[main] INFO com.example.refactoring.handler.MethodPullUpHandler - 成功上提抽象方法: getTransformedShape
[main] INFO com.example.refactoring.handler.VisibilityHandler - 父类方法 getTransformedShape 可见性从 protected 调整为 public
[main] INFO com.example.refactoring.handler.VisibilityHandler - 子类方法 getTransformedShape 可见性从 protected 调整为 public
[main] INFO com.example.refactoring.handler.MethodPullUpHandler - 可见性调整: 父类方法 getTransformedShape 可见性调整为 public
[main] INFO com.example.refactoring.handler.MethodPullUpHandler - 可见性调整: 子类方法 getTransformedShape 可见性调整为 public
[main] INFO com.example.refactoring.core.RefactoringOrchestrator - 成功调整了 1 个后代类中同名方法的可见性
[main] INFO com.example.refactoring.core.RefactoringOrchestrator - 自动上提了 1 个依赖字段
[main] INFO com.example.refactoring.core.RefactoringOrchestrator -   - 上提字段: transform
[main] INFO com.example.refactoring.core.RefactoringOrchestrator - 自动上提了 1 个依赖方法为抽象方法
[main] INFO com.example.refactoring.core.RefactoringOrchestrator -   - 上提抽象方法: getTransformedShape
[main] INFO com.example.refactoring.core.ClassFinder - 收集到 2 个后代类
[main] INFO com.example.refactoring.core.CodeGenerator - 检测到后代类 RectShape 有方法修改，将包含在输出中
[main] INFO com.example.refactoring.core.SnapshotManager - 已保存重构快照到: C:\Users\wudi\AppData\Local\Temp\junit7476101790152252336\.refactor-snapshot (3 个文件)
[main] INFO com.example.refactoring.core.ClassFinder - 收集到 2 个后代类
[main] INFO com.example.refactoring.core.CodeGenerator - 检测到后代类 RectShape 有方法修改，将包含在输出中
[main] INFO com.example.refactoring.core.CodeGenerator - 已修改文件: C:\Users\wudi\AppData\Local\Temp\junit7476101790152252336\RectShape.java (RectShape)
[main] INFO com.example.refactoring.core.CodeGenerator - 已修改文件: C:\Users\wudi\AppData\Local\Temp\junit7476101790152252336\EllipseShape.java (EllipseShape)
[main] INFO com.example.refactoring.core.CodeGenerator - 已修改文件: C:\Users\wudi\AppData\Local\Temp\junit7476101790152252336\BaseShape.java (BaseShape)
[main] INFO com.example.refactoring.core.CodeGenerator - 重构完成：修改了 3 个相关类文件
[main] INFO com.example.refactoring.core.ModuleResolver - 模块解析完成，索引包前缀数量: 0
[main] INFO com.example.refactoring.core.ClassFinder - 收集到 2 个后代类
[main] INFO com.example.refactoring.core.CodeGenerator - 检测到后代类 RectShape 有方法修改，将包含在输出中
[main] INFO com.example.refactoring.core.CodeGenerator - 已修改文件: C:\Users\wudi\AppData\Local\Temp\junit7476101790152252336\RectShape.java (RectShape)
[main] INFO com.example.refactoring.core.CodeGenerator - 已修改文件: C:\Users\wudi\AppData\Local\Temp\junit7476101790152252336\EllipseShape.java (EllipseShape)
[main] INFO com.example.refactoring.core.CodeGenerator - 已修改文件: C:\Users\wudi\AppData\Local\Temp\junit7476101790152252336\BaseShape.java (BaseShape)
[main] INFO com.example.refactoring.core.CodeGenerator - 重构完成：修改了 3 个相关类文件
[main] INFO com.example.refactoring.core.RefactoringOrchestrator - Pull-Up-Method重构完成，修改了 3 个文件
]]></system-err>
  </testcase>
</testsuite>